{
  "0 debug pnpm:scope": {
    "selected": 4,
    "total": 4,
    "workspacePrefix": "F:\\code\\backup\\bdp-mid-ui"
  },
  "1 debug pnpm:package-manifest": {
    "initial": {
      "name": "@bdp-mid-ui/bdp-ant-design-vue-v3.2.20",
      "version": "1.0.6",
      "description": "二次封装 ant-design-vue-v3.2.20",
      "main": "dist/bdp-ant-design-vue-v3.2.20.cjs.js",
      "moudle": "dist/bdp-ant-design-vue-v3.2.20.es.js",
      "scripts": {
        "dev": "vite",
        "build": "vite build",
        "docs:build": "vite build --mode docs"
      },
      "author": "",
      "license": "ISC",
      "peerDependencies": {
        "ant-design-vue": "3.2.20",
        "vue": "3.2.0"
      },
      "dependencies": {
        "@ant-design/icons-vue": "7.0.1",
        "less-loader": "11.1.3",
        "path": "0.12.7"
      },
      "devDependencies": {
        "@vitejs/plugin-vue": "3.1.0",
        "vite": "3.1.2",
        "@vue/cli-plugin-typescript": "~4.5.0",
        "@vue/eslint-config-typescript": "7.0.0",
        "ant-design-vue": "3.2.20",
        "lodash": "4.17.21",
        "typescript": "~4.4.4",
        "vue": "3.2.25",
        "vue-router": "4.1.3",
        "xe-utils": "3",
        "less": "4.0.0",
        "less-loader": "9.0.0",
        "less-plugin-npm-import": "2.1.0",
        "less-vars-to-js": "1.3.0"
      }
    },
    "prefix": "F:\\code\\backup\\bdp-mid-ui\\packages\\ant-design-vue-v3.2.2"
  },
  "2 debug pnpm:package-manifest": {
    "initial": {
      "name": "@bdp-mid-ui/bdp-shared",
      "version": "1.0.6",
      "description": "共享工具",
      "main": "dist/bdp-shared.cjs.js",
      "moudle": "dist/bdp-shared.es.js",
      "author": "",
      "license": "ISC",
      "scripts": {
        "dev": "vite",
        "build": "vite build"
      },
      "devDependencies": {
        "typescript": "~4.4.4",
        "ts-md5": "1.3.1",
        "vite": "3.1.2"
      }
    },
    "prefix": "F:\\code\\backup\\bdp-mid-ui\\packages\\shared"
  },
  "3 debug pnpm:package-manifest": {
    "initial": {
      "name": "@bdp-mid-ui/bdp-ant-design-vue-v2.2.0",
      "version": "1.0.6",
      "description": "二次封装 ant-design-vue-v2.2.0",
      "main": "dist/bdp-ant-design-vue-v2.2.0.cjs.js",
      "moudle": "dist/bdp-ant-design-vue-v2.2.0.es.js",
      "scripts": {
        "dev": "vite",
        "build": "vite build",
        "docs:build": "vite build --mode docs"
      },
      "author": "",
      "license": "ISC",
      "peerDependencies": {
        "ant-design-vue": "2.2.0-beta.4",
        "vue": "3.2.0"
      },
      "dependencies": {
        "@ant-design/icons-vue": "7.0.1",
        "less-loader": "11.1.3",
        "path": "0.12.7"
      },
      "devDependencies": {
        "@vitejs/plugin-vue": "3.1.0",
        "vite": "3.1.2",
        "@vue/cli-plugin-typescript": "~4.5.0",
        "@vue/eslint-config-typescript": "7.0.0",
        "ant-design-vue": "2.2.0-beta.4",
        "lodash": "4.17.21",
        "typescript": "~4.4.4",
        "vue": "3.2.25",
        "vue-router": "4.1.3",
        "xe-utils": "3",
        "less": "4.0.0",
        "less-loader": "9.0.0",
        "less-plugin-npm-import": "2.1.0",
        "less-vars-to-js": "1.3.0"
      }
    },
    "prefix": "F:\\code\\backup\\bdp-mid-ui\\packages\\ant-design-vue-v2.2.0"
  },
  "4 debug pnpm:context": {
    "currentLockfileExists": false,
    "storeDir": "F:\\.pnpm-store\\v3",
    "virtualStoreDir": "F:\\code\\backup\\bdp-mid-ui\\packages\\ant-design-vue-v3.2.2\\node_modules\\.pnpm"
  },
  "5 debug pnpm:stage": {
    "prefix": "F:\\code\\backup\\bdp-mid-ui\\packages\\ant-design-vue-v3.2.2",
    "stage": "resolution_started"
  },
  "6 debug pnpm:context": {
    "currentLockfileExists": false,
    "storeDir": "F:\\.pnpm-store\\v3",
    "virtualStoreDir": "F:\\code\\backup\\bdp-mid-ui\\packages\\ant-design-vue-v2.2.0\\node_modules\\.pnpm"
  },
  "7 debug pnpm:stage": {
    "prefix": "F:\\code\\backup\\bdp-mid-ui\\packages\\ant-design-vue-v2.2.0",
    "stage": "resolution_started"
  },
  "8 debug pnpm:context": {
    "currentLockfileExists": false,
    "storeDir": "F:\\.pnpm-store\\v3",
    "virtualStoreDir": "F:\\code\\backup\\bdp-mid-ui\\packages\\shared\\node_modules\\.pnpm"
  },
  "9 debug pnpm:stage": {
    "prefix": "F:\\code\\backup\\bdp-mid-ui\\packages\\shared",
    "stage": "resolution_started"
  },
  "10 debug pnpm:package-manifest": {
    "initial": {
      "name": "bdp-mid-ui",
      "version": "1.0.6",
      "description": "中台组件库",
      "scripts": {
        "docs:dev": "pnpm run -C docs docs:dev",
        "docs:build": "pnpm run -C docs docs:build && pnpm run -C packages/ant-design-vue-v2.2.0 docs:build",
        "build": "pnpm run build:shared && pnpm run build:antdv2.2.0 && pnpm run build:antdv3.2.2",
        "build:shared": "pnpm run -C packages/shared build",
        "build:antdv2.2.0": "pnpm run -C packages/ant-design-vue-v2.2.0 build",
        "build:antdv3.2.2": "pnpm run -C packages/ant-design-vue-v3.2.2 build",
        "release": "node scripts/release.ts"
      },
      "publishConfig": {
        "registry": "https://registry.npmjs.org/"
      },
      "keywords": [],
      "author": "",
      "license": "ISC",
      "dependencies": {
        "@types/node": "^18.0.3",
        "chalk": "^4.1.2",
        "execa": "^5.1.0",
        "fs-extra": "^10.1.0",
        "vite": "^3.1.2"
      }
    },
    "prefix": "F:\\code\\backup\\bdp-mid-ui"
  },
  "11 debug pnpm:context": {
    "currentLockfileExists": false,
    "storeDir": "F:\\.pnpm-store\\v3",
    "virtualStoreDir": "F:\\code\\backup\\bdp-mid-ui\\node_modules\\.pnpm"
  },
  "12 debug pnpm:stage": {
    "prefix": "F:\\code\\backup\\bdp-mid-ui",
    "stage": "resolution_started"
  },
  "13 debug pnpm:request-retry": {
    "attempt": 1,
    "error": {
      "type": "system",
      "errno": "CERT_HAS_EXPIRED",
      "code": "CERT_HAS_EXPIRED"
    },
    "maxRetries": 2,
    "method": "GET",
    "timeout": 10000,
    "url": "https://npm.taobao.org/typescript"
  },
  "14 debug pnpm:request-retry": {
    "attempt": 1,
    "error": {
      "type": "system",
      "errno": "CERT_HAS_EXPIRED",
      "code": "CERT_HAS_EXPIRED"
    },
    "maxRetries": 2,
    "method": "GET",
    "timeout": 10000,
    "url": "https://npm.taobao.org/vite"
  },
  "15 debug pnpm:request-retry": {
    "attempt": 1,
    "error": {
      "type": "system",
      "errno": "CERT_HAS_EXPIRED",
      "code": "CERT_HAS_EXPIRED"
    },
    "maxRetries": 2,
    "method": "GET",
    "timeout": 10000,
    "url": "https://npm.taobao.org/chalk"
  },
  "16 debug pnpm:request-retry": {
    "attempt": 1,
    "error": {
      "type": "system",
      "errno": "CERT_HAS_EXPIRED",
      "code": "CERT_HAS_EXPIRED"
    },
    "maxRetries": 2,
    "method": "GET",
    "timeout": 10000,
    "url": "https://npm.taobao.org/@types%2Fnode"
  },
  "17 debug pnpm:request-retry": {
    "attempt": 1,
    "error": {
      "type": "system",
      "errno": "CERT_HAS_EXPIRED",
      "code": "CERT_HAS_EXPIRED"
    },
    "maxRetries": 2,
    "method": "GET",
    "timeout": 10000,
    "url": "https://npm.taobao.org/execa"
  },
  "18 debug pnpm:request-retry": {
    "attempt": 1,
    "error": {
      "type": "system",
      "errno": "CERT_HAS_EXPIRED",
      "code": "CERT_HAS_EXPIRED"
    },
    "maxRetries": 2,
    "method": "GET",
    "timeout": 10000,
    "url": "https://npm.taobao.org/ts-md5"
  },
  "19 debug pnpm:request-retry": {
    "attempt": 1,
    "error": {
      "type": "system",
      "errno": "CERT_HAS_EXPIRED",
      "code": "CERT_HAS_EXPIRED"
    },
    "maxRetries": 2,
    "method": "GET",
    "timeout": 10000,
    "url": "https://npm.taobao.org/@vue%2Fcli-plugin-typescript"
  },
  "20 debug pnpm:request-retry": {
    "attempt": 1,
    "error": {
      "type": "system",
      "errno": "CERT_HAS_EXPIRED",
      "code": "CERT_HAS_EXPIRED"
    },
    "maxRetries": 2,
    "method": "GET",
    "timeout": 10000,
    "url": "https://npm.taobao.org/fs-extra"
  },
  "21 debug pnpm:request-retry": {
    "attempt": 1,
    "error": {
      "type": "system",
      "errno": "CERT_HAS_EXPIRED",
      "code": "CERT_HAS_EXPIRED"
    },
    "maxRetries": 2,
    "method": "GET",
    "timeout": 10000,
    "url": "https://npm.taobao.org/lodash"
  },
  "22 debug pnpm:request-retry": {
    "attempt": 1,
    "error": {
      "type": "system",
      "errno": "CERT_HAS_EXPIRED",
      "code": "CERT_HAS_EXPIRED"
    },
    "maxRetries": 2,
    "method": "GET",
    "timeout": 10000,
    "url": "https://npm.taobao.org/ant-design-vue"
  },
  "23 debug pnpm:request-retry": {
    "attempt": 1,
    "error": {
      "type": "system",
      "errno": "CERT_HAS_EXPIRED",
      "code": "CERT_HAS_EXPIRED"
    },
    "maxRetries": 2,
    "method": "GET",
    "timeout": 10000,
    "url": "https://npm.taobao.org/@vitejs%2Fplugin-vue"
  },
  "24 debug pnpm:request-retry": {
    "attempt": 1,
    "error": {
      "type": "system",
      "errno": "CERT_HAS_EXPIRED",
      "code": "CERT_HAS_EXPIRED"
    },
    "maxRetries": 2,
    "method": "GET",
    "timeout": 10000,
    "url": "https://npm.taobao.org/vue"
  },
  "25 debug pnpm:request-retry": {
    "attempt": 1,
    "error": {
      "type": "system",
      "errno": "CERT_HAS_EXPIRED",
      "code": "CERT_HAS_EXPIRED"
    },
    "maxRetries": 2,
    "method": "GET",
    "timeout": 10000,
    "url": "https://npm.taobao.org/@vue%2Feslint-config-typescript"
  },
  "26 debug pnpm:request-retry": {
    "attempt": 2,
    "error": {
      "type": "system",
      "errno": "CERT_HAS_EXPIRED",
      "code": "CERT_HAS_EXPIRED"
    },
    "maxRetries": 2,
    "method": "GET",
    "timeout": 60000,
    "url": "https://npm.taobao.org/ts-md5"
  },
  "27 debug pnpm:request-retry": {
    "attempt": 2,
    "error": {
      "type": "system",
      "errno": "CERT_HAS_EXPIRED",
      "code": "CERT_HAS_EXPIRED"
    },
    "maxRetries": 2,
    "method": "GET",
    "timeout": 60000,
    "url": "https://npm.taobao.org/execa"
  },
  "28 debug pnpm:request-retry": {
    "attempt": 2,
    "error": {
      "type": "system",
      "errno": "CERT_HAS_EXPIRED",
      "code": "CERT_HAS_EXPIRED"
    },
    "maxRetries": 2,
    "method": "GET",
    "timeout": 60000,
    "url": "https://npm.taobao.org/fs-extra"
  },
  "29 debug pnpm:request-retry": {
    "attempt": 2,
    "error": {
      "type": "system",
      "errno": "CERT_HAS_EXPIRED",
      "code": "CERT_HAS_EXPIRED"
    },
    "maxRetries": 2,
    "method": "GET",
    "timeout": 60000,
    "url": "https://npm.taobao.org/typescript"
  },
  "30 debug pnpm:request-retry": {
    "attempt": 2,
    "error": {
      "type": "system",
      "errno": "CERT_HAS_EXPIRED",
      "code": "CERT_HAS_EXPIRED"
    },
    "maxRetries": 2,
    "method": "GET",
    "timeout": 60000,
    "url": "https://npm.taobao.org/chalk"
  },
  "31 debug pnpm:request-retry": {
    "attempt": 2,
    "error": {
      "type": "system",
      "errno": "CERT_HAS_EXPIRED",
      "code": "CERT_HAS_EXPIRED"
    },
    "maxRetries": 2,
    "method": "GET",
    "timeout": 60000,
    "url": "https://npm.taobao.org/@types%2Fnode"
  },
  "32 debug pnpm:request-retry": {
    "attempt": 2,
    "error": {
      "type": "system",
      "errno": "CERT_HAS_EXPIRED",
      "code": "CERT_HAS_EXPIRED"
    },
    "maxRetries": 2,
    "method": "GET",
    "timeout": 60000,
    "url": "https://npm.taobao.org/vite"
  },
  "33 debug pnpm:request-retry": {
    "attempt": 2,
    "error": {
      "type": "system",
      "errno": "CERT_HAS_EXPIRED",
      "code": "CERT_HAS_EXPIRED"
    },
    "maxRetries": 2,
    "method": "GET",
    "timeout": 60000,
    "url": "https://npm.taobao.org/@vue%2Feslint-config-typescript"
  },
  "34 debug pnpm:request-retry": {
    "attempt": 2,
    "error": {
      "type": "system",
      "errno": "CERT_HAS_EXPIRED",
      "code": "CERT_HAS_EXPIRED"
    },
    "maxRetries": 2,
    "method": "GET",
    "timeout": 60000,
    "url": "https://npm.taobao.org/@vitejs%2Fplugin-vue"
  },
  "35 debug pnpm:request-retry": {
    "attempt": 2,
    "error": {
      "type": "system",
      "errno": "CERT_HAS_EXPIRED",
      "code": "CERT_HAS_EXPIRED"
    },
    "maxRetries": 2,
    "method": "GET",
    "timeout": 60000,
    "url": "https://npm.taobao.org/ant-design-vue"
  },
  "36 debug pnpm:request-retry": {
    "attempt": 2,
    "error": {
      "type": "system",
      "errno": "CERT_HAS_EXPIRED",
      "code": "CERT_HAS_EXPIRED"
    },
    "maxRetries": 2,
    "method": "GET",
    "timeout": 60000,
    "url": "https://npm.taobao.org/lodash"
  },
  "37 debug pnpm:request-retry": {
    "attempt": 2,
    "error": {
      "type": "system",
      "errno": "CERT_HAS_EXPIRED",
      "code": "CERT_HAS_EXPIRED"
    },
    "maxRetries": 2,
    "method": "GET",
    "timeout": 60000,
    "url": "https://npm.taobao.org/@vue%2Fcli-plugin-typescript"
  },
  "38 debug pnpm:request-retry": {
    "attempt": 2,
    "error": {
      "type": "system",
      "errno": "CERT_HAS_EXPIRED",
      "code": "CERT_HAS_EXPIRED"
    },
    "maxRetries": 2,
    "method": "GET",
    "timeout": 60000,
    "url": "https://npm.taobao.org/vue"
  },
  "39 info pnpm": {
    "err": {
      "name": "Error",
      "message": "GET https://npm.taobao.org/chalk: request to https://npm.taobao.org/chalk failed, reason: certificate has expired",
      "code": "ERR_PNPM_META_FETCH_FAIL",
      "stack": "Error: GET https://npm.taobao.org/chalk: request to https://npm.taobao.org/chalk failed, reason: certificate has expired\n    at RetryOperation._fn (C:\\snapshot\\dist\\pnpm.cjs)\n    at processTicksAndRejections (internal/process/task_queues.js:95:5)"
    }
  },
  "40 error pnpm": {
    "code": "ERR_PNPM_META_FETCH_FAIL",
    "attempts": 1,
    "spec": {
      "fetchSpec": ">=4.1.2 <5.0.0-0",
      "name": "chalk",
      "type": "range"
    },
    "pkgsStack": [],
    "prefix": "F:\\code\\backup\\bdp-mid-ui",
    "err": {
      "name": "pnpm",
      "message": "GET https://npm.taobao.org/chalk: request to https://npm.taobao.org/chalk failed, reason: certificate has expired",
      "code": "ERR_PNPM_META_FETCH_FAIL",
      "stack": "Error: GET https://npm.taobao.org/chalk: request to https://npm.taobao.org/chalk failed, reason: certificate has expired\n    at RetryOperation._fn (C:\\snapshot\\dist\\pnpm.cjs)\n    at processTicksAndRejections (internal/process/task_queues.js:95:5)"
    }
  },
  "41 info pnpm": {
    "err": {
      "name": "Error",
      "message": "GET https://npm.taobao.org/typescript: request to https://npm.taobao.org/typescript failed, reason: certificate has expired",
      "code": "ERR_PNPM_META_FETCH_FAIL",
      "stack": "Error: GET https://npm.taobao.org/typescript: request to https://npm.taobao.org/typescript failed, reason: certificate has expired\n    at RetryOperation._fn (C:\\snapshot\\dist\\pnpm.cjs)\n    at processTicksAndRejections (internal/process/task_queues.js:95:5)"
    }
  },
  "42 info pnpm": {
    "err": {
      "name": "Error",
      "message": "GET https://npm.taobao.org/typescript: request to https://npm.taobao.org/typescript failed, reason: certificate has expired",
      "code": "ERR_PNPM_META_FETCH_FAIL",
      "stack": "Error: GET https://npm.taobao.org/typescript: request to https://npm.taobao.org/typescript failed, reason: certificate has expired\n    at RetryOperation._fn (C:\\snapshot\\dist\\pnpm.cjs)\n    at processTicksAndRejections (internal/process/task_queues.js:95:5)"
    }
  }
}